Using pre-set license
Built from '2021.2/staging' branch; Version is '2021.2.1f1 (c20c6d589440) revision 12717165'; Using compiler version '192829333'; Build Type 'Release'
OS: 'Windows 10 Home Single Language; OS build 22000.376; Version 2009; 64bit' Language: 'en' Physical Memory: 7959 MB
BatchMode: 1, IsHumanControllingUs: 0, StartBugReporterOnCrash: 0, Is64bit: 1, IsPro: 0

COMMAND LINE ARGUMENTS:
C:\Program Files\Unity\Hub\Editor\2021.2.1f1\Editor\Unity.exe
-adb2
-batchMode
-noUpm
-name
AssetImportWorker1
-projectPath
D:/Project-3D/Unity_AR_Git
-logFile
Logs/AssetImportWorker1.log
-srvPort
62999
Successfully changed project path to: D:/Project-3D/Unity_AR_Git
D:/Project-3D/Unity_AR_Git
[UnityMemory] Configuration Parameters - Can be set up in boot.config
    "memorysetup-bucket-allocator-granularity=16"
    "memorysetup-bucket-allocator-bucket-count=8"
    "memorysetup-bucket-allocator-block-size=33554432"
    "memorysetup-bucket-allocator-block-count=8"
    "memorysetup-main-allocator-block-size=16777216"
    "memorysetup-thread-allocator-block-size=16777216"
    "memorysetup-gfx-main-allocator-block-size=16777216"
    "memorysetup-gfx-thread-allocator-block-size=16777216"
    "memorysetup-cache-allocator-block-size=4194304"
    "memorysetup-typetree-allocator-block-size=2097152"
    "memorysetup-profiler-bucket-allocator-granularity=16"
    "memorysetup-profiler-bucket-allocator-bucket-count=8"
    "memorysetup-profiler-bucket-allocator-block-size=33554432"
    "memorysetup-profiler-bucket-allocator-block-count=8"
    "memorysetup-profiler-allocator-block-size=16777216"
    "memorysetup-profiler-editor-allocator-block-size=1048576"
    "memorysetup-temp-allocator-size-main=16777216"
    "memorysetup-job-temp-allocator-block-size=2097152"
    "memorysetup-job-temp-allocator-block-size-background=1048576"
    "memorysetup-job-temp-allocator-reduction-small-platforms=262144"
    "memorysetup-temp-allocator-size-background-worker=32768"
    "memorysetup-temp-allocator-size-job-worker=262144"
    "memorysetup-temp-allocator-size-preload-manager=33554432"
    "memorysetup-temp-allocator-size-nav-mesh-worker=65536"
    "memorysetup-temp-allocator-size-audio-worker=65536"
    "memorysetup-temp-allocator-size-cloud-worker=32768"
    "memorysetup-temp-allocator-size-gi-baking-worker=262144"
    "memorysetup-temp-allocator-size-gfx=262144"
Refreshing native plugins compatible for Editor in 154.35 ms, found 3 plugins.
Preloading 0 native plugins for Editor in 0.00 ms.
Initialize engine version: 2021.2.1f1 (c20c6d589440)
[Subsystems] Discovering subsystems at path C:/Program Files/Unity/Hub/Editor/2021.2.1f1/Editor/Data/Resources/UnitySubsystems
[Subsystems] Discovering subsystems at path D:/Project-3D/Unity_AR_Git/Assets
GfxDevice: creating device client; threaded=0; jobified=0
Direct3D:
    Version:  Direct3D 11.0 [level 11.1]
    Renderer: NVIDIA GeForce MX230 (ID=0x1d11)
    Vendor:   NVIDIA
    VRAM:     4028 MB
    Driver:   27.21.14.6231
Initialize mono
Mono path[0] = 'C:/Program Files/Unity/Hub/Editor/2021.2.1f1/Editor/Data/Managed'
Mono path[1] = 'C:/Program Files/Unity/Hub/Editor/2021.2.1f1/Editor/Data/MonoBleedingEdge/lib/mono/unityjit-win32'
Mono config path = 'C:/Program Files/Unity/Hub/Editor/2021.2.1f1/Editor/Data/MonoBleedingEdge/etc'
Using monoOptions --debugger-agent=transport=dt_socket,embedding=1,server=y,suspend=n,address=127.0.0.1:56224
Begin MonoManager ReloadAssembly
Registering precompiled unity dll's ...
Register platform support module: C:/Program Files/Unity/Hub/Editor/2021.2.1f1/Editor/Data/PlaybackEngines/WindowsStandaloneSupport/UnityEditor.WindowsStandalone.Extensions.dll
Registered in 0.009940 seconds.
Native extension for WindowsStandalone target not found
Refreshing native plugins compatible for Editor in 116.44 ms, found 3 plugins.
Preloading 0 native plugins for Editor in 0.00 ms.
Mono: successfully reloaded assembly
- Completed reload, in  3.719 seconds
Domain Reload Profiling:
	ReloadAssembly (3720ms)
		BeginReloadAssembly (236ms)
			ExecutionOrderSort (0ms)
			DisableScriptedObjects (0ms)
			BackupInstance (0ms)
			ReleaseScriptingObjects (0ms)
			CreateAndSetChildDomain (1ms)
		EndReloadAssembly (834ms)
			LoadAssemblies (234ms)
			RebuildTransferFunctionScriptingTraits (0ms)
			SetupTypeCache (130ms)
			ReleaseScriptCaches (0ms)
			RebuildScriptCaches (68ms)
			SetupLoadedEditorAssemblies (541ms)
				LogAssemblyErrors (0ms)
				InitializePlatformSupportModulesInManaged (12ms)
				SetLoadedEditorAssemblies (0ms)
				RefreshPlugins (117ms)
				BeforeProcessingInitializeOnLoad (2ms)
				ProcessInitializeOnLoadAttributes (298ms)
				ProcessInitializeOnLoadMethodAttributes (113ms)
				AfterProcessingInitializeOnLoad (0ms)
				EditorAssembliesLoaded (0ms)
			ExecutionOrderSort2 (0ms)
			AwakeInstancesAfterBackupRestoration (0ms)
Platform modules already initialized, skipping
Registering precompiled user dll's ...
Registered in 0.017871 seconds.
Begin MonoManager ReloadAssembly
Symbol file LoadedFromMemory doesn't match image D:\Project-3D\Unity_AR_Git\Library\PackageCache\com.unity.visualscripting@1.7.5\Editor\VisualScripting.Core\Dependencies\YamlDotNet\Unity.VisualScripting.YamlDotNet.dll
Symbol file LoadedFromMemory doesn't match image D:\Project-3D\Unity_AR_Git\Library\PackageCache\com.unity.visualscripting@1.7.5\Editor\VisualScripting.Core\Dependencies\DotNetZip\Unity.VisualScripting.IonicZip.dll
Native extension for WindowsStandalone target not found
Refreshing native plugins compatible for Editor in 0.67 ms, found 3 plugins.
Preloading 0 native plugins for Editor in 0.00 ms.
Package Manager log level set to [2]
Mono: successfully reloaded assembly
- Completed reload, in  2.661 seconds
Domain Reload Profiling:
	ReloadAssembly (2662ms)
		BeginReloadAssembly (229ms)
			ExecutionOrderSort (0ms)
			DisableScriptedObjects (10ms)
			BackupInstance (0ms)
			ReleaseScriptingObjects (0ms)
			CreateAndSetChildDomain (32ms)
		EndReloadAssembly (2295ms)
			LoadAssemblies (824ms)
			RebuildTransferFunctionScriptingTraits (0ms)
			SetupTypeCache (316ms)
			ReleaseScriptCaches (1ms)
			RebuildScriptCaches (90ms)
			SetupLoadedEditorAssemblies (908ms)
				LogAssemblyErrors (0ms)
				InitializePlatformSupportModulesInManaged (24ms)
				SetLoadedEditorAssemblies (0ms)
				RefreshPlugins (1ms)
				BeforeProcessingInitializeOnLoad (158ms)
				ProcessInitializeOnLoadAttributes (684ms)
				ProcessInitializeOnLoadMethodAttributes (32ms)
				AfterProcessingInitializeOnLoad (10ms)
				EditorAssembliesLoaded (0ms)
			ExecutionOrderSort2 (0ms)
			AwakeInstancesAfterBackupRestoration (12ms)
Platform modules already initialized, skipping
========================================================================
Worker process is ready to serve import requests
Launched and connected shader compiler UnityShaderCompiler.exe after 0.12 seconds
Refreshing native plugins compatible for Editor in 1.41 ms, found 3 plugins.
Preloading 0 native plugins for Editor in 0.00 ms.
Unloading 3603 Unused Serialized files (Serialized files now loaded: 0)
Unloading 38 unused Assets / (74.9 KB). Loaded Objects now: 4051.
Memory consumption went from 126.1 MB to 126.1 MB.
Total: 7.300400 ms (FindLiveObjects: 0.385300 ms CreateObjectMapping: 0.240500 ms MarkObjects: 6.458200 ms  DeleteObjects: 0.213000 ms)

AssetImportParameters requested are different than current active one (requested -> active):
  custom:video-decoder-ogg-theora: a1e56fd34408186e4bbccfd4996cb3dc -> 
  custom:container-muxer-webm: aa71ff27fc2769a1b78a27578f13a17b -> 
  custom:container-demuxer-webm: 4f35f7cbe854078d1ac9338744f61a02 -> 
  custom:video-encoder-webm-vp8: eb34c28f22e8b96e1ab97ce403110664 -> 
  custom:video-codec-MediaFoundation-h265: 746d11721c4dcdbdad8f713fa42b33f4 -> 
  custom:audio-encoder-webm-vorbis: bf7c407c2cedff20999df2af8eb42d56 -> 
  custom:framework-win-MediaFoundation: 216162199b28c13a410421893ffa2e32 -> 
  custom:container-demuxer-ogg: 62fdf1f143b41e24485cea50d1cbac27 -> 
  custom:video-decoder-webm-vp8: 9c59270c3fd7afecdb556c50c9e8de78 -> 
  custom:audio-decoder-ogg-vorbis: bf7c407c2cedff20999df2af8eb42d56 -> 
========================================================================
Received Import Request.
  Time since last request: 1502357.060325 seconds.
  path: Assets/CSE/Gradient.jpg
  artifactKey: Guid(389db30f17048994e8df8e7f48847348) Importer(815301076,1909f56bfc062723c751e8b465ee728b)
Start importing Assets/CSE/Gradient.jpg using Guid(389db30f17048994e8df8e7f48847348) Importer(815301076,1909f56bfc062723c751e8b465ee728b)  -> (artifact id: '0cacb8a4e07c5366f61cb11b333d7dfd') in 0.358850 seconds 
========================================================================
Received Import Request.
  Time since last request: 0.000069 seconds.
  path: Assets/CSE/Wood_005_Roughness.jpg
  artifactKey: Guid(88516e69be6420647b4f6c743c9c4c0d) Importer(815301076,1909f56bfc062723c751e8b465ee728b)
Start importing Assets/CSE/Wood_005_Roughness.jpg using Guid(88516e69be6420647b4f6c743c9c4c0d) Importer(815301076,1909f56bfc062723c751e8b465ee728b)  -> (artifact id: '8555bbc753e6ab4ce1cb41a6f200b089') in 0.289285 seconds 
========================================================================
Received Import Request.
  Time since last request: 0.000174 seconds.
  path: Assets/CSE/Gradient_8.jpg
  artifactKey: Guid(dbe8a1fa81cf7074a9f97a3e732e5d82) Importer(815301076,1909f56bfc062723c751e8b465ee728b)
Start importing Assets/CSE/Gradient_8.jpg using Guid(dbe8a1fa81cf7074a9f97a3e732e5d82) Importer(815301076,1909f56bfc062723c751e8b465ee728b)  -> (artifact id: '5009f6f0ff91dff9c525b5364f23c060') in 0.058292 seconds 
========================================================================
Received Import Request.
  Time since last request: 0.000054 seconds.
  path: Assets/CSE/Gradient_2.jpg
  artifactKey: Guid(78eeb2c7f4208bc40967849dcf5d508f) Importer(815301076,1909f56bfc062723c751e8b465ee728b)
Start importing Assets/CSE/Gradient_2.jpg using Guid(78eeb2c7f4208bc40967849dcf5d508f) Importer(815301076,1909f56bfc062723c751e8b465ee728b)  -> (artifact id: '049af61b489ec25fd6ba9608c7bd9221') in 0.056920 seconds 
========================================================================
Received Import Request.
  Time since last request: 0.000099 seconds.
  path: Assets/CSE/Gradient_5.jpg
  artifactKey: Guid(a5bd49662e7e98f4da14a23ad0b7e139) Importer(815301076,1909f56bfc062723c751e8b465ee728b)
Start importing Assets/CSE/Gradient_5.jpg using Guid(a5bd49662e7e98f4da14a23ad0b7e139) Importer(815301076,1909f56bfc062723c751e8b465ee728b)  -> (artifact id: '75f9c4ac087b96912a13e8941fd496d8') in 0.068959 seconds 
========================================================================
Received Import Request.
  Time since last request: 0.000097 seconds.
  path: Assets/CSE/Gradient_10.jpg
  artifactKey: Guid(70974719018d15f44bcffe8baa089db7) Importer(815301076,1909f56bfc062723c751e8b465ee728b)
Start importing Assets/CSE/Gradient_10.jpg using Guid(70974719018d15f44bcffe8baa089db7) Importer(815301076,1909f56bfc062723c751e8b465ee728b)  -> (artifact id: '8744a1acca1ba1efaaeaf06515e5d8fd') in 0.056669 seconds 
========================================================================
Received Import Request.
  Time since last request: 0.000061 seconds.
  path: Assets/CSE/Gradient_7.jpg
  artifactKey: Guid(ac209a2bb4be6394c9cc9f233393eaad) Importer(815301076,1909f56bfc062723c751e8b465ee728b)
Start importing Assets/CSE/Gradient_7.jpg using Guid(ac209a2bb4be6394c9cc9f233393eaad) Importer(815301076,1909f56bfc062723c751e8b465ee728b)  -> (artifact id: '1b097b06ba9a0970a34c2bf5dab66b90') in 0.065844 seconds 
========================================================================
Received Import Request.
  Time since last request: 0.000067 seconds.
  path: Assets/CSE/Gradient_11.jpg
  artifactKey: Guid(ccbcdd4a92ee18740a0fa23a51819227) Importer(815301076,1909f56bfc062723c751e8b465ee728b)
Start importing Assets/CSE/Gradient_11.jpg using Guid(ccbcdd4a92ee18740a0fa23a51819227) Importer(815301076,1909f56bfc062723c751e8b465ee728b)  -> (artifact id: '27d150c843a74c501923912602a665ac') in 0.059060 seconds 
========================================================================
Received Import Request.
  Time since last request: 0.000079 seconds.
  path: Assets/CSE/Project Name.fbx
  artifactKey: Guid(922d90cc5c7cb0a458a4a16ab3d20218) Importer(815301076,1909f56bfc062723c751e8b465ee728b)
Start importing Assets/CSE/Project Name.fbx using Guid(922d90cc5c7cb0a458a4a16ab3d20218) Importer(815301076,1909f56bfc062723c751e8b465ee728b)  -> (artifact id: '1cf37cbd8909ae18aac8c2555a8cb97b') in 0.934862 seconds 
========================================================================
Received Import Request.
  Time since last request: 628.174690 seconds.
  path: Assets/CSE/Materials/Gradient.mat
  artifactKey: Guid(a51bcd82532579c43ab444a24f8f801a) Importer(815301076,1909f56bfc062723c751e8b465ee728b)
Start importing Assets/CSE/Materials/Gradient.mat using Guid(a51bcd82532579c43ab444a24f8f801a) Importer(815301076,1909f56bfc062723c751e8b465ee728b)  -> (artifact id: '9f2e1f1175cd216043e1b129e7bc7d4c') in 0.142660 seconds 
========================================================================
Received Import Request.
  Time since last request: 0.000131 seconds.
  path: Assets/CSE/Materials/Wood_005_Roughness.mat
  artifactKey: Guid(6edceda19c7eafa4d8b7c0a9c88cf3a9) Importer(815301076,1909f56bfc062723c751e8b465ee728b)
Start importing Assets/CSE/Materials/Wood_005_Roughness.mat using Guid(6edceda19c7eafa4d8b7c0a9c88cf3a9) Importer(815301076,1909f56bfc062723c751e8b465ee728b)  -> (artifact id: '9e1d612f018cd51f14743e4ad144a230') in 0.320547 seconds 
========================================================================
Received Import Request.
  Time since last request: 228.555627 seconds.
  path: Assets/metarial/New Material.mat
  artifactKey: Guid(dec3b98d826f05344b2147a8463da9d0) Importer(815301076,1909f56bfc062723c751e8b465ee728b)
Start importing Assets/metarial/New Material.mat using Guid(dec3b98d826f05344b2147a8463da9d0) Importer(815301076,1909f56bfc062723c751e8b465ee728b)  -> (artifact id: 'bb262d6f80d72854893981fcacbbf639') in 0.143222 seconds 
========================================================================
Received Import Request.
  Time since last request: 47.075190 seconds.
  path: Assets/Wood_005_Roughness.mat
  artifactKey: Guid(6edceda19c7eafa4d8b7c0a9c88cf3a9) Importer(815301076,1909f56bfc062723c751e8b465ee728b)
Start importing Assets/Wood_005_Roughness.mat using Guid(6edceda19c7eafa4d8b7c0a9c88cf3a9) Importer(815301076,1909f56bfc062723c751e8b465ee728b)  -> (artifact id: '8feef9c9a62f9c14a5789e1787e7d1b2') in 0.037411 seconds 
========================================================================
Received Import Request.
  Time since last request: 459.050935 seconds.
  path: Assets/Materials/Wood_005_Roughness.mat
  artifactKey: Guid(5fd4c2eee05c4db4f8549799bca57a2c) Importer(815301076,1909f56bfc062723c751e8b465ee728b)
Start importing Assets/Materials/Wood_005_Roughness.mat using Guid(5fd4c2eee05c4db4f8549799bca57a2c) Importer(815301076,1909f56bfc062723c751e8b465ee728b)  -> (artifact id: '787a8b19b4367e99cabaf019d0c034c7') in 0.113766 seconds 
========================================================================
Received Prepare
Refreshing native plugins compatible for Editor in 283.03 ms, found 3 plugins.
Preloading 0 native plugins for Editor in 0.00 ms.
Unloading 30 Unused Serialized files (Serialized files now loaded: 0)
Unloading 29 unused Assets / (21.9 KB). Loaded Objects now: 4106.
Memory consumption went from 59.0 MB to 58.9 MB.
Total: 85.129300 ms (FindLiveObjects: 0.549100 ms CreateObjectMapping: 0.224300 ms MarkObjects: 84.316800 ms  DeleteObjects: 0.035600 ms)

AssetImportParameters requested are different than current active one (requested -> active):
  custom:video-decoder-ogg-theora: a1e56fd34408186e4bbccfd4996cb3dc -> 
  custom:container-muxer-webm: aa71ff27fc2769a1b78a27578f13a17b -> 
  custom:container-demuxer-webm: 4f35f7cbe854078d1ac9338744f61a02 -> 
  custom:video-encoder-webm-vp8: eb34c28f22e8b96e1ab97ce403110664 -> 
  custom:video-codec-MediaFoundation-h265: 746d11721c4dcdbdad8f713fa42b33f4 -> 
  custom:audio-encoder-webm-vorbis: bf7c407c2cedff20999df2af8eb42d56 -> 
  custom:framework-win-MediaFoundation: 216162199b28c13a410421893ffa2e32 -> 
  custom:container-demuxer-ogg: 62fdf1f143b41e24485cea50d1cbac27 -> 
  custom:video-decoder-webm-vp8: 9c59270c3fd7afecdb556c50c9e8de78 -> 
  custom:audio-decoder-ogg-vorbis: bf7c407c2cedff20999df2af8eb42d56 -> 
========================================================================
Received Prepare
Registering precompiled user dll's ...
Registered in 0.009606 seconds.
Begin MonoManager ReloadAssembly
Symbol file LoadedFromMemory doesn't match image D:\Project-3D\Unity_AR_Git\Library\PackageCache\com.unity.visualscripting@1.7.5\Editor\VisualScripting.Core\Dependencies\YamlDotNet\Unity.VisualScripting.YamlDotNet.dll
Symbol file LoadedFromMemory doesn't match image D:\Project-3D\Unity_AR_Git\Library\PackageCache\com.unity.visualscripting@1.7.5\Editor\VisualScripting.Core\Dependencies\DotNetZip\Unity.VisualScripting.IonicZip.dll
Native extension for WindowsStandalone target not found
Refreshing native plugins compatible for Editor in 0.89 ms, found 3 plugins.
Preloading 0 native plugins for Editor in 0.00 ms.
Mono: successfully reloaded assembly
- Completed reload, in  2.355 seconds
Domain Reload Profiling:
	ReloadAssembly (2358ms)
		BeginReloadAssembly (683ms)
			ExecutionOrderSort (0ms)
			DisableScriptedObjects (46ms)
			BackupInstance (0ms)
			ReleaseScriptingObjects (0ms)
			CreateAndSetChildDomain (418ms)
		EndReloadAssembly (1532ms)
			LoadAssemblies (141ms)
			RebuildTransferFunctionScriptingTraits (0ms)
			SetupTypeCache (354ms)
			ReleaseScriptCaches (1ms)
			RebuildScriptCaches (55ms)
			SetupLoadedEditorAssemblies (470ms)
				LogAssemblyErrors (0ms)
				InitializePlatformSupportModulesInManaged (23ms)
				SetLoadedEditorAssemblies (2ms)
				RefreshPlugins (1ms)
				BeforeProcessingInitializeOnLoad (92ms)
				ProcessInitializeOnLoadAttributes (311ms)
				ProcessInitializeOnLoadMethodAttributes (31ms)
				AfterProcessingInitializeOnLoad (9ms)
				EditorAssembliesLoaded (0ms)
			ExecutionOrderSort2 (0ms)
			AwakeInstancesAfterBackupRestoration (31ms)
Platform modules already initialized, skipping
Switching build target platform(19) subTarget(0) extendedPlatform(0) -> platform(13) subTarget(0) extendedPlatform(0)
Refreshing native plugins compatible for Editor in 0.71 ms, found 3 plugins.
Preloading 0 native plugins for Editor in 0.00 ms.
Unloading 3594 Unused Serialized files (Serialized files now loaded: 0)
Unloading 32 unused Assets / (24.5 KB). Loaded Objects now: 4214.
Memory consumption went from 136.1 MB to 136.1 MB.
Total: 5.620800 ms (FindLiveObjects: 0.331700 ms CreateObjectMapping: 0.471600 ms MarkObjects: 4.734400 ms  DeleteObjects: 0.080500 ms)

AssetImportParameters requested are different than current active one (requested -> active):
  custom:video-decoder-ogg-theora: a1e56fd34408186e4bbccfd4996cb3dc -> 
  custom:container-muxer-webm: aa71ff27fc2769a1b78a27578f13a17b -> 
  custom:container-demuxer-webm: 4f35f7cbe854078d1ac9338744f61a02 -> 
  custom:video-encoder-webm-vp8: eb34c28f22e8b96e1ab97ce403110664 -> 
  custom:video-codec-MediaFoundation-h265: 746d11721c4dcdbdad8f713fa42b33f4 -> 
  custom:graphics/normal-map-encoding: 02000000000000000000000000000000 -> 01000000000000000000000000000000
  custom:audio-encoder-webm-vorbis: bf7c407c2cedff20999df2af8eb42d56 -> 
  custom:framework-win-MediaFoundation: 216162199b28c13a410421893ffa2e32 -> 
  custom:container-demuxer-ogg: 62fdf1f143b41e24485cea50d1cbac27 -> 
  custom:video-decoder-webm-vp8: 9c59270c3fd7afecdb556c50c9e8de78 -> 
  custom:audio-decoder-ogg-vorbis: bf7c407c2cedff20999df2af8eb42d56 -> 
========================================================================
Received Prepare
Refreshing native plugins compatible for Editor in 257.98 ms, found 3 plugins.
Preloading 0 native plugins for Editor in 0.00 ms.
Unloading 29 Unused Serialized files (Serialized files now loaded: 0)
Unloading 29 unused Assets / (21.9 KB). Loaded Objects now: 4214.
Memory consumption went from 64.4 MB to 64.4 MB.
Total: 5.700700 ms (FindLiveObjects: 0.676100 ms CreateObjectMapping: 0.357200 ms MarkObjects: 4.601700 ms  DeleteObjects: 0.063500 ms)

AssetImportParameters requested are different than current active one (requested -> active):
  custom:video-decoder-ogg-theora: a1e56fd34408186e4bbccfd4996cb3dc -> 
  custom:container-muxer-webm: aa71ff27fc2769a1b78a27578f13a17b -> 
  custom:container-demuxer-webm: 4f35f7cbe854078d1ac9338744f61a02 -> 
  custom:video-encoder-webm-vp8: eb34c28f22e8b96e1ab97ce403110664 -> 
  custom:video-codec-MediaFoundation-h265: 746d11721c4dcdbdad8f713fa42b33f4 -> 
  custom:audio-encoder-webm-vorbis: bf7c407c2cedff20999df2af8eb42d56 -> 
  custom:framework-win-MediaFoundation: 216162199b28c13a410421893ffa2e32 -> 
  custom:container-demuxer-ogg: 62fdf1f143b41e24485cea50d1cbac27 -> 
  custom:video-decoder-webm-vp8: 9c59270c3fd7afecdb556c50c9e8de78 -> 
  custom:audio-decoder-ogg-vorbis: bf7c407c2cedff20999df2af8eb42d56 -> 
========================================================================
Received Prepare
Refreshing native plugins compatible for Editor in 74.49 ms, found 3 plugins.
Preloading 0 native plugins for Editor in 0.00 ms.
Unloading 29 Unused Serialized files (Serialized files now loaded: 0)
Unloading 29 unused Assets / (21.9 KB). Loaded Objects now: 4214.
Memory consumption went from 64.4 MB to 64.4 MB.
Total: 13.773000 ms (FindLiveObjects: 1.170500 ms CreateObjectMapping: 0.784100 ms MarkObjects: 11.716500 ms  DeleteObjects: 0.096300 ms)

AssetImportParameters requested are different than current active one (requested -> active):
  custom:video-decoder-ogg-theora: a1e56fd34408186e4bbccfd4996cb3dc -> 
  custom:container-muxer-webm: aa71ff27fc2769a1b78a27578f13a17b -> 
  custom:container-demuxer-webm: 4f35f7cbe854078d1ac9338744f61a02 -> 
  custom:video-encoder-webm-vp8: eb34c28f22e8b96e1ab97ce403110664 -> 
  custom:video-codec-MediaFoundation-h265: 746d11721c4dcdbdad8f713fa42b33f4 -> 
  custom:audio-encoder-webm-vorbis: bf7c407c2cedff20999df2af8eb42d56 -> 
  custom:framework-win-MediaFoundation: 216162199b28c13a410421893ffa2e32 -> 
  custom:container-demuxer-ogg: 62fdf1f143b41e24485cea50d1cbac27 -> 
  custom:video-decoder-webm-vp8: 9c59270c3fd7afecdb556c50c9e8de78 -> 
  custom:audio-decoder-ogg-vorbis: bf7c407c2cedff20999df2af8eb42d56 -> 
========================================================================
Received Prepare
Refreshing native plugins compatible for Editor in 44.91 ms, found 3 plugins.
Preloading 0 native plugins for Editor in 0.00 ms.
Unloading 29 Unused Serialized files (Serialized files now loaded: 0)
Unloading 29 unused Assets / (21.9 KB). Loaded Objects now: 4214.
Memory consumption went from 64.4 MB to 64.4 MB.
Total: 17.893400 ms (FindLiveObjects: 1.097200 ms CreateObjectMapping: 0.569400 ms MarkObjects: 16.116600 ms  DeleteObjects: 0.103400 ms)

AssetImportParameters requested are different than current active one (requested -> active):
  custom:video-decoder-ogg-theora: a1e56fd34408186e4bbccfd4996cb3dc -> 
  custom:container-muxer-webm: aa71ff27fc2769a1b78a27578f13a17b -> 
  custom:container-demuxer-webm: 4f35f7cbe854078d1ac9338744f61a02 -> 
  custom:video-encoder-webm-vp8: eb34c28f22e8b96e1ab97ce403110664 -> 
  custom:video-codec-MediaFoundation-h265: 746d11721c4dcdbdad8f713fa42b33f4 -> 
  custom:audio-encoder-webm-vorbis: bf7c407c2cedff20999df2af8eb42d56 -> 
  custom:framework-win-MediaFoundation: 216162199b28c13a410421893ffa2e32 -> 
  custom:container-demuxer-ogg: 62fdf1f143b41e24485cea50d1cbac27 -> 
  custom:video-decoder-webm-vp8: 9c59270c3fd7afecdb556c50c9e8de78 -> 
  custom:audio-decoder-ogg-vorbis: bf7c407c2cedff20999df2af8eb42d56 -> 
========================================================================
Received Prepare
Refreshing native plugins compatible for Editor in 30.23 ms, found 3 plugins.
Preloading 0 native plugins for Editor in 0.00 ms.
Unloading 29 Unused Serialized files (Serialized files now loaded: 0)
Unloading 29 unused Assets / (21.9 KB). Loaded Objects now: 4214.
Memory consumption went from 64.4 MB to 64.4 MB.
Total: 12.651100 ms (FindLiveObjects: 0.674800 ms CreateObjectMapping: 0.472300 ms MarkObjects: 11.442800 ms  DeleteObjects: 0.058300 ms)

AssetImportParameters requested are different than current active one (requested -> active):
  custom:video-decoder-ogg-theora: a1e56fd34408186e4bbccfd4996cb3dc -> 
  custom:container-muxer-webm: aa71ff27fc2769a1b78a27578f13a17b -> 
  custom:container-demuxer-webm: 4f35f7cbe854078d1ac9338744f61a02 -> 
  custom:video-encoder-webm-vp8: eb34c28f22e8b96e1ab97ce403110664 -> 
  custom:video-codec-MediaFoundation-h265: 746d11721c4dcdbdad8f713fa42b33f4 -> 
  custom:audio-encoder-webm-vorbis: bf7c407c2cedff20999df2af8eb42d56 -> 
  custom:framework-win-MediaFoundation: 216162199b28c13a410421893ffa2e32 -> 
  custom:container-demuxer-ogg: 62fdf1f143b41e24485cea50d1cbac27 -> 
  custom:video-decoder-webm-vp8: 9c59270c3fd7afecdb556c50c9e8de78 -> 
  custom:audio-decoder-ogg-vorbis: bf7c407c2cedff20999df2af8eb42d56 -> 
