Using pre-set license
Built from '2021.2/staging' branch; Version is '2021.2.1f1 (c20c6d589440) revision 12717165'; Using compiler version '192829333'; Build Type 'Release'
OS: 'Windows 10 Home Single Language; OS build 22000.376; Version 2009; 64bit' Language: 'en' Physical Memory: 7959 MB
BatchMode: 1, IsHumanControllingUs: 0, StartBugReporterOnCrash: 0, Is64bit: 1, IsPro: 0

COMMAND LINE ARGUMENTS:
C:\Program Files\Unity\Hub\Editor\2021.2.1f1\Editor\Unity.exe
-adb2
-batchMode
-noUpm
-name
AssetImportWorker0
-projectPath
D:/Project-3D/Unity_AR_Git
-logFile
Logs/AssetImportWorker0.log
-srvPort
59302
Successfully changed project path to: D:/Project-3D/Unity_AR_Git
D:/Project-3D/Unity_AR_Git
[UnityMemory] Configuration Parameters - Can be set up in boot.config
    "memorysetup-bucket-allocator-granularity=16"
    "memorysetup-bucket-allocator-bucket-count=8"
    "memorysetup-bucket-allocator-block-size=33554432"
    "memorysetup-bucket-allocator-block-count=8"
    "memorysetup-main-allocator-block-size=16777216"
    "memorysetup-thread-allocator-block-size=16777216"
    "memorysetup-gfx-main-allocator-block-size=16777216"
    "memorysetup-gfx-thread-allocator-block-size=16777216"
    "memorysetup-cache-allocator-block-size=4194304"
    "memorysetup-typetree-allocator-block-size=2097152"
    "memorysetup-profiler-bucket-allocator-granularity=16"
    "memorysetup-profiler-bucket-allocator-bucket-count=8"
    "memorysetup-profiler-bucket-allocator-block-size=33554432"
    "memorysetup-profiler-bucket-allocator-block-count=8"
    "memorysetup-profiler-allocator-block-size=16777216"
    "memorysetup-profiler-editor-allocator-block-size=1048576"
    "memorysetup-temp-allocator-size-main=16777216"
    "memorysetup-job-temp-allocator-block-size=2097152"
    "memorysetup-job-temp-allocator-block-size-background=1048576"
    "memorysetup-job-temp-allocator-reduction-small-platforms=262144"
    "memorysetup-temp-allocator-size-background-worker=32768"
    "memorysetup-temp-allocator-size-job-worker=262144"
    "memorysetup-temp-allocator-size-preload-manager=33554432"
    "memorysetup-temp-allocator-size-nav-mesh-worker=65536"
    "memorysetup-temp-allocator-size-audio-worker=65536"
    "memorysetup-temp-allocator-size-cloud-worker=32768"
    "memorysetup-temp-allocator-size-gi-baking-worker=262144"
    "memorysetup-temp-allocator-size-gfx=262144"
Refreshing native plugins compatible for Editor in 128.42 ms, found 3 plugins.
Preloading 0 native plugins for Editor in 0.00 ms.
Initialize engine version: 2021.2.1f1 (c20c6d589440)
[Subsystems] Discovering subsystems at path C:/Program Files/Unity/Hub/Editor/2021.2.1f1/Editor/Data/Resources/UnitySubsystems
[Subsystems] Discovering subsystems at path D:/Project-3D/Unity_AR_Git/Assets
GfxDevice: creating device client; threaded=0; jobified=0
Direct3D:
    Version:  Direct3D 11.0 [level 11.1]
    Renderer: NVIDIA GeForce MX230 (ID=0x1d11)
    Vendor:   NVIDIA
    VRAM:     4028 MB
    Driver:   27.21.14.6231
Initialize mono
Mono path[0] = 'C:/Program Files/Unity/Hub/Editor/2021.2.1f1/Editor/Data/Managed'
Mono path[1] = 'C:/Program Files/Unity/Hub/Editor/2021.2.1f1/Editor/Data/MonoBleedingEdge/lib/mono/unityjit-win32'
Mono config path = 'C:/Program Files/Unity/Hub/Editor/2021.2.1f1/Editor/Data/MonoBleedingEdge/etc'
Using monoOptions --debugger-agent=transport=dt_socket,embedding=1,server=y,suspend=n,address=127.0.0.1:56444
Begin MonoManager ReloadAssembly
Registering precompiled unity dll's ...
Register platform support module: C:/Program Files/Unity/Hub/Editor/2021.2.1f1/Editor/Data/PlaybackEngines/WindowsStandaloneSupport/UnityEditor.WindowsStandalone.Extensions.dll
Registered in 0.006690 seconds.
Native extension for WindowsStandalone target not found
Refreshing native plugins compatible for Editor in 93.76 ms, found 3 plugins.
Preloading 0 native plugins for Editor in 0.00 ms.
Mono: successfully reloaded assembly
- Completed reload, in  2.275 seconds
Domain Reload Profiling:
	ReloadAssembly (2275ms)
		BeginReloadAssembly (116ms)
			ExecutionOrderSort (0ms)
			DisableScriptedObjects (0ms)
			BackupInstance (0ms)
			ReleaseScriptingObjects (0ms)
			CreateAndSetChildDomain (1ms)
		EndReloadAssembly (520ms)
			LoadAssemblies (114ms)
			RebuildTransferFunctionScriptingTraits (0ms)
			SetupTypeCache (100ms)
			ReleaseScriptCaches (0ms)
			RebuildScriptCaches (28ms)
			SetupLoadedEditorAssemblies (325ms)
				LogAssemblyErrors (0ms)
				InitializePlatformSupportModulesInManaged (7ms)
				SetLoadedEditorAssemblies (0ms)
				RefreshPlugins (94ms)
				BeforeProcessingInitializeOnLoad (2ms)
				ProcessInitializeOnLoadAttributes (154ms)
				ProcessInitializeOnLoadMethodAttributes (67ms)
				AfterProcessingInitializeOnLoad (0ms)
				EditorAssembliesLoaded (0ms)
			ExecutionOrderSort2 (0ms)
			AwakeInstancesAfterBackupRestoration (0ms)
Platform modules already initialized, skipping
Registering precompiled user dll's ...
Registered in 0.006774 seconds.
Begin MonoManager ReloadAssembly
Symbol file LoadedFromMemory doesn't match image D:\Project-3D\Unity_AR_Git\Library\PackageCache\com.unity.visualscripting@1.7.5\Editor\VisualScripting.Core\Dependencies\YamlDotNet\Unity.VisualScripting.YamlDotNet.dll
Symbol file LoadedFromMemory doesn't match image D:\Project-3D\Unity_AR_Git\Library\PackageCache\com.unity.visualscripting@1.7.5\Editor\VisualScripting.Core\Dependencies\DotNetZip\Unity.VisualScripting.IonicZip.dll
Native extension for WindowsStandalone target not found
Refreshing native plugins compatible for Editor in 1.69 ms, found 3 plugins.
Preloading 0 native plugins for Editor in 0.00 ms.
Package Manager log level set to [2]
Mono: successfully reloaded assembly
- Completed reload, in  3.070 seconds
Domain Reload Profiling:
	ReloadAssembly (3071ms)
		BeginReloadAssembly (302ms)
			ExecutionOrderSort (0ms)
			DisableScriptedObjects (9ms)
			BackupInstance (0ms)
			ReleaseScriptingObjects (0ms)
			CreateAndSetChildDomain (27ms)
		EndReloadAssembly (2642ms)
			LoadAssemblies (1393ms)
			RebuildTransferFunctionScriptingTraits (0ms)
			SetupTypeCache (444ms)
			ReleaseScriptCaches (2ms)
			RebuildScriptCaches (86ms)
			SetupLoadedEditorAssemblies (592ms)
				LogAssemblyErrors (0ms)
				InitializePlatformSupportModulesInManaged (16ms)
				SetLoadedEditorAssemblies (1ms)
				RefreshPlugins (2ms)
				BeforeProcessingInitializeOnLoad (125ms)
				ProcessInitializeOnLoadAttributes (400ms)
				ProcessInitializeOnLoadMethodAttributes (37ms)
				AfterProcessingInitializeOnLoad (11ms)
				EditorAssembliesLoaded (0ms)
			ExecutionOrderSort2 (0ms)
			AwakeInstancesAfterBackupRestoration (10ms)
Platform modules already initialized, skipping
========================================================================
Worker process is ready to serve import requests
Launched and connected shader compiler UnityShaderCompiler.exe after 0.08 seconds
Refreshing native plugins compatible for Editor in 0.95 ms, found 3 plugins.
Preloading 0 native plugins for Editor in 0.00 ms.
Unloading 3603 Unused Serialized files (Serialized files now loaded: 0)
Unloading 38 unused Assets / (74.8 KB). Loaded Objects now: 4051.
Memory consumption went from 126.2 MB to 126.1 MB.
Total: 4.228300 ms (FindLiveObjects: 0.482500 ms CreateObjectMapping: 0.279700 ms MarkObjects: 3.369200 ms  DeleteObjects: 0.094400 ms)

AssetImportParameters requested are different than current active one (requested -> active):
  custom:video-decoder-ogg-theora: a1e56fd34408186e4bbccfd4996cb3dc -> 
  custom:container-muxer-webm: aa71ff27fc2769a1b78a27578f13a17b -> 
  custom:container-demuxer-webm: 4f35f7cbe854078d1ac9338744f61a02 -> 
  custom:video-encoder-webm-vp8: eb34c28f22e8b96e1ab97ce403110664 -> 
  custom:video-codec-MediaFoundation-h265: 746d11721c4dcdbdad8f713fa42b33f4 -> 
  custom:audio-encoder-webm-vorbis: bf7c407c2cedff20999df2af8eb42d56 -> 
  custom:framework-win-MediaFoundation: 216162199b28c13a410421893ffa2e32 -> 
  custom:container-demuxer-ogg: 62fdf1f143b41e24485cea50d1cbac27 -> 
  custom:video-decoder-webm-vp8: 9c59270c3fd7afecdb556c50c9e8de78 -> 
  custom:audio-decoder-ogg-vorbis: bf7c407c2cedff20999df2af8eb42d56 -> 
========================================================================
Received Import Request.
  Time since last request: 1498367.403968 seconds.
  path: Assets/Model/pin.psd
  artifactKey: Guid(325910720c4a4e548bf0ccfebef4706c) Importer(815301076,1909f56bfc062723c751e8b465ee728b)
Start importing Assets/Model/pin.psd using Guid(325910720c4a4e548bf0ccfebef4706c) Importer(815301076,1909f56bfc062723c751e8b465ee728b)  -> (artifact id: '46191553230ab9577f02714330be7199') in 0.135278 seconds 
========================================================================
Received Import Request.
  Time since last request: 12.668544 seconds.
  path: Assets/Model/pin.psd
  artifactKey: Guid(325910720c4a4e548bf0ccfebef4706c) Importer(815301076,1909f56bfc062723c751e8b465ee728b)
Start importing Assets/Model/pin.psd using Guid(325910720c4a4e548bf0ccfebef4706c) Importer(815301076,1909f56bfc062723c751e8b465ee728b)  -> (artifact id: '44e19da7f873d2913348c217e0f0223a') in 0.143672 seconds 
========================================================================
Received Import Request.
  Time since last request: 81.155045 seconds.
  path: Assets/Model/pin.psd
  artifactKey: Guid(325910720c4a4e548bf0ccfebef4706c) Importer(815301076,1909f56bfc062723c751e8b465ee728b)
Start importing Assets/Model/pin.psd using Guid(325910720c4a4e548bf0ccfebef4706c) Importer(815301076,1909f56bfc062723c751e8b465ee728b)  -> (artifact id: 'e5e022518fa6a9b566f03752fd99e398') in 0.050186 seconds 
========================================================================
Received Import Request.
  Time since last request: 1164.534571 seconds.
  path: Assets/Project Name.fbx
  artifactKey: Guid(a1055a03d04463f4da24dd11175794bf) Importer(815301076,1909f56bfc062723c751e8b465ee728b)
Start importing Assets/Project Name.fbx using Guid(a1055a03d04463f4da24dd11175794bf) Importer(815301076,1909f56bfc062723c751e8b465ee728b)  -> (artifact id: 'ebb4496edd40ab782f3dc14dbbd5f6b2') in 0.462198 seconds 
========================================================================
Received Import Request.
  Time since last request: 105.625214 seconds.
  path: Assets/metarial/New Material.mat
  artifactKey: Guid(dec3b98d826f05344b2147a8463da9d0) Importer(815301076,1909f56bfc062723c751e8b465ee728b)
Start importing Assets/metarial/New Material.mat using Guid(dec3b98d826f05344b2147a8463da9d0) Importer(815301076,1909f56bfc062723c751e8b465ee728b)  -> (artifact id: '80fd130f624e651e9d997ae3dbe860bb') in 0.171211 seconds 
========================================================================
Received Import Request.
  Time since last request: 101.750813 seconds.
  path: Assets/metarial/New Material 1.mat
  artifactKey: Guid(57609127c4d75784bb8aa80cbfe0a287) Importer(815301076,1909f56bfc062723c751e8b465ee728b)
Start importing Assets/metarial/New Material 1.mat using Guid(57609127c4d75784bb8aa80cbfe0a287) Importer(815301076,1909f56bfc062723c751e8b465ee728b)  -> (artifact id: '633421899c0a9e289a6012096b57ae92') in 0.038650 seconds 
========================================================================
Received Import Request.
  Time since last request: 249.474181 seconds.
  path: Assets/Prefab/Project Name.prefab
  artifactKey: Guid(4870a3d09b3fdd94e803447e99804da1) Importer(815301076,1909f56bfc062723c751e8b465ee728b)
Start importing Assets/Prefab/Project Name.prefab using Guid(4870a3d09b3fdd94e803447e99804da1) Importer(815301076,1909f56bfc062723c751e8b465ee728b)  -> (artifact id: '90782d19813240d6dc221ca0ff2b4cbd') in 0.046072 seconds 
========================================================================
Received Import Request.
  Time since last request: 82.571293 seconds.
  path: Assets/Prefab/Project Name.prefab
  artifactKey: Guid(4870a3d09b3fdd94e803447e99804da1) Importer(815301076,1909f56bfc062723c751e8b465ee728b)
Start importing Assets/Prefab/Project Name.prefab using Guid(4870a3d09b3fdd94e803447e99804da1) Importer(815301076,1909f56bfc062723c751e8b465ee728b)  -> (artifact id: '32b26e7b4ae5f6093204147fb23ce016') in 0.051256 seconds 
